<?xml version="1.0" encoding="UTF-8"?>
<!-- Generated by org.testng.reporters.JUnitReportReporter -->
<testsuite hostname="DESKTOP-MRAEKV3" failures="0" tests="1" name="mainPage.Endtoend" time="20.636" errors="0" timestamp="2024-09-04T15:37:44 IST" skipped="0">
  <testcase classname="mainPage.Endtoend" name="maindata" time="20.636"/>
  <system-out/>
</testsuite> <!-- mainPage.Endtoend -->
