<?xml version="1.0" encoding="UTF-8"?>
<!-- Generated by org.testng.reporters.JUnitReportReporter -->
<testsuite hostname="DESKTOP-MRAEKV3" failures="0" tests="3" name="Bharath.testDriven" time="0.018" errors="0" timestamp="2024-08-24T10:45:34 IST" skipped="0">
  <testcase classname="Bharath.testDriven" name="data" time="0.014"/>
  <system-out/>
  <testcase classname="Bharath.testDriven" name="data" time="0.002"/>
  <system-out/>
  <testcase classname="Bharath.testDriven" name="data" time="0.002"/>
  <system-out/>
</testsuite> <!-- Bharath.testDriven -->
