<?xml version="1.0" encoding="UTF-8"?>
<!-- Generated by org.testng.reporters.JUnitReportReporter -->
<testsuite hostname="DESKTOP-MRAEKV3" failures="0" tests="1" name="Bharath.Day2" time="0.002" errors="0" timestamp="2024-08-23T22:32:58 IST" skipped="0">
  <testcase classname="Bharath.Day2" name="loginapp" time="0.002"/>
  <system-out/>
</testsuite> <!-- Bharath.Day2 -->
