<?xml version="1.0" encoding="UTF-8"?>
<!-- Generated by org.testng.reporters.JUnitReportReporter -->
<testsuite hostname="DESKTOP-MRAEKV3" failures="0" tests="2" name="Bharath.Day1" time="0.017" errors="0" timestamp="2024-08-23T22:32:58 IST" skipped="0">
  <testcase classname="Bharath.Day1" name="HomeLoan" time="0.002"/>
  <system-out/>
  <testcase classname="Bharath.Day1" name="ClosethehomeLoan" time="0.015"/>
  <system-out/>
</testsuite> <!-- Bharath.Day1 -->
